mode: set
github.com/cs161-staff/project2-starter-code/client/client.go:41.25,53.16 5 0
github.com/cs161-staff/project2-starter-code/client/client.go:53.16,58.81 1 0
github.com/cs161-staff/project2-starter-code/client/client.go:60.2,70.16 5 0
github.com/cs161-staff/project2-starter-code/client/client.go:70.16,71.13 1 0
github.com/cs161-staff/project2-starter-code/client/client.go:74.2,90.16 9 0
github.com/cs161-staff/project2-starter-code/client/client.go:90.16,91.13 1 0
github.com/cs161-staff/project2-starter-code/client/client.go:93.2,105.37 3 0
github.com/cs161-staff/project2-starter-code/client/client.go:163.104,166.16 3 1
github.com/cs161-staff/project2-starter-code/client/client.go:166.16,168.3 1 0
github.com/cs161-staff/project2-starter-code/client/client.go:169.2,169.29 1 1
github.com/cs161-staff/project2-starter-code/client/client.go:172.121,174.16 2 1
github.com/cs161-staff/project2-starter-code/client/client.go:174.16,176.3 1 0
github.com/cs161-staff/project2-starter-code/client/client.go:177.2,178.16 2 1
github.com/cs161-staff/project2-starter-code/client/client.go:178.16,180.3 1 0
github.com/cs161-staff/project2-starter-code/client/client.go:181.2,181.38 1 1
github.com/cs161-staff/project2-starter-code/client/client.go:184.44,187.24 3 1
github.com/cs161-staff/project2-starter-code/client/client.go:187.24,188.20 1 1
github.com/cs161-staff/project2-starter-code/client/client.go:188.20,190.4 1 1
github.com/cs161-staff/project2-starter-code/client/client.go:192.2,192.11 1 1
github.com/cs161-staff/project2-starter-code/client/client.go:195.43,197.2 1 1
github.com/cs161-staff/project2-starter-code/client/client.go:200.45,202.20 2 1
github.com/cs161-staff/project2-starter-code/client/client.go:202.20,203.26 1 1
github.com/cs161-staff/project2-starter-code/client/client.go:203.26,204.26 1 1
github.com/cs161-staff/project2-starter-code/client/client.go:204.26,206.5 1 0
github.com/cs161-staff/project2-starter-code/client/client.go:208.8,210.3 1 0
github.com/cs161-staff/project2-starter-code/client/client.go:211.2,211.13 1 1
github.com/cs161-staff/project2-starter-code/client/client.go:218.80,219.24 1 1
github.com/cs161-staff/project2-starter-code/client/client.go:219.24,221.3 1 0
github.com/cs161-staff/project2-starter-code/client/client.go:222.2,223.16 2 1
github.com/cs161-staff/project2-starter-code/client/client.go:223.16,225.3 1 0
github.com/cs161-staff/project2-starter-code/client/client.go:226.2,227.8 2 1
github.com/cs161-staff/project2-starter-code/client/client.go:227.8,229.3 1 1
github.com/cs161-staff/project2-starter-code/client/client.go:230.2,235.16 5 1
github.com/cs161-staff/project2-starter-code/client/client.go:235.16,237.3 1 0
github.com/cs161-staff/project2-starter-code/client/client.go:238.2,242.16 4 1
github.com/cs161-staff/project2-starter-code/client/client.go:242.16,244.3 1 0
github.com/cs161-staff/project2-starter-code/client/client.go:245.2,247.16 3 1
github.com/cs161-staff/project2-starter-code/client/client.go:247.16,249.3 1 0
github.com/cs161-staff/project2-starter-code/client/client.go:250.2,252.16 3 1
github.com/cs161-staff/project2-starter-code/client/client.go:252.16,254.3 1 0
github.com/cs161-staff/project2-starter-code/client/client.go:255.2,256.16 2 1
github.com/cs161-staff/project2-starter-code/client/client.go:256.16,258.3 1 0
github.com/cs161-staff/project2-starter-code/client/client.go:260.2,261.16 2 1
github.com/cs161-staff/project2-starter-code/client/client.go:261.16,263.3 1 0
github.com/cs161-staff/project2-starter-code/client/client.go:264.2,265.16 2 1
github.com/cs161-staff/project2-starter-code/client/client.go:265.16,267.3 1 0
github.com/cs161-staff/project2-starter-code/client/client.go:268.2,269.16 2 1
github.com/cs161-staff/project2-starter-code/client/client.go:269.16,271.3 1 0
github.com/cs161-staff/project2-starter-code/client/client.go:272.2,274.16 3 1
github.com/cs161-staff/project2-starter-code/client/client.go:274.16,276.3 1 0
github.com/cs161-staff/project2-starter-code/client/client.go:277.2,278.23 2 1
github.com/cs161-staff/project2-starter-code/client/client.go:281.79,285.16 4 1
github.com/cs161-staff/project2-starter-code/client/client.go:285.16,287.3 1 0
github.com/cs161-staff/project2-starter-code/client/client.go:288.2,290.16 3 1
github.com/cs161-staff/project2-starter-code/client/client.go:290.16,292.3 1 0
github.com/cs161-staff/project2-starter-code/client/client.go:293.2,295.9 2 1
github.com/cs161-staff/project2-starter-code/client/client.go:295.9,297.3 1 0
github.com/cs161-staff/project2-starter-code/client/client.go:298.2,300.16 3 1
github.com/cs161-staff/project2-starter-code/client/client.go:300.16,302.3 1 0
github.com/cs161-staff/project2-starter-code/client/client.go:304.2,305.16 2 1
github.com/cs161-staff/project2-starter-code/client/client.go:305.16,307.3 1 1
github.com/cs161-staff/project2-starter-code/client/client.go:308.2,308.53 1 1
github.com/cs161-staff/project2-starter-code/client/client.go:308.53,310.3 1 0
github.com/cs161-staff/project2-starter-code/client/client.go:311.2,312.16 2 1
github.com/cs161-staff/project2-starter-code/client/client.go:312.16,314.3 1 0
github.com/cs161-staff/project2-starter-code/client/client.go:315.2,316.16 2 1
github.com/cs161-staff/project2-starter-code/client/client.go:316.16,318.3 1 0
github.com/cs161-staff/project2-starter-code/client/client.go:319.2,320.9 2 1
github.com/cs161-staff/project2-starter-code/client/client.go:320.9,322.3 1 0
github.com/cs161-staff/project2-starter-code/client/client.go:323.2,323.34 1 1
github.com/cs161-staff/project2-starter-code/client/client.go:323.34,325.3 1 0
github.com/cs161-staff/project2-starter-code/client/client.go:326.2,326.25 1 1
github.com/cs161-staff/project2-starter-code/client/client.go:329.78,331.16 2 1
github.com/cs161-staff/project2-starter-code/client/client.go:331.16,333.3 1 0
github.com/cs161-staff/project2-starter-code/client/client.go:334.2,335.9 2 1
github.com/cs161-staff/project2-starter-code/client/client.go:335.9,337.17 2 1
github.com/cs161-staff/project2-starter-code/client/client.go:337.17,339.4 1 0
github.com/cs161-staff/project2-starter-code/client/client.go:341.3,342.10 2 1
github.com/cs161-staff/project2-starter-code/client/client.go:342.10,356.18 4 1
github.com/cs161-staff/project2-starter-code/client/client.go:356.18,358.5 1 0
github.com/cs161-staff/project2-starter-code/client/client.go:359.4,366.18 8 1
github.com/cs161-staff/project2-starter-code/client/client.go:366.18,368.5 1 0
github.com/cs161-staff/project2-starter-code/client/client.go:371.4,372.18 2 1
github.com/cs161-staff/project2-starter-code/client/client.go:372.18,374.5 1 0
github.com/cs161-staff/project2-starter-code/client/client.go:375.4,376.18 2 1
github.com/cs161-staff/project2-starter-code/client/client.go:376.18,378.5 1 0
github.com/cs161-staff/project2-starter-code/client/client.go:379.4,380.18 2 1
github.com/cs161-staff/project2-starter-code/client/client.go:380.18,382.5 1 0
github.com/cs161-staff/project2-starter-code/client/client.go:383.4,384.18 2 1
github.com/cs161-staff/project2-starter-code/client/client.go:384.18,386.5 1 0
github.com/cs161-staff/project2-starter-code/client/client.go:388.4,390.18 3 1
github.com/cs161-staff/project2-starter-code/client/client.go:390.18,392.5 1 0
github.com/cs161-staff/project2-starter-code/client/client.go:393.4,394.18 2 1
github.com/cs161-staff/project2-starter-code/client/client.go:394.18,396.5 1 0
github.com/cs161-staff/project2-starter-code/client/client.go:397.4,401.18 4 1
github.com/cs161-staff/project2-starter-code/client/client.go:401.18,403.5 1 0
github.com/cs161-staff/project2-starter-code/client/client.go:404.4,405.18 2 1
github.com/cs161-staff/project2-starter-code/client/client.go:405.18,407.5 1 0
github.com/cs161-staff/project2-starter-code/client/client.go:408.4,416.18 3 1
github.com/cs161-staff/project2-starter-code/client/client.go:416.18,418.5 1 0
github.com/cs161-staff/project2-starter-code/client/client.go:419.4,420.18 2 1
github.com/cs161-staff/project2-starter-code/client/client.go:420.18,422.5 1 0
github.com/cs161-staff/project2-starter-code/client/client.go:423.4,424.18 2 1
github.com/cs161-staff/project2-starter-code/client/client.go:424.18,426.5 1 0
github.com/cs161-staff/project2-starter-code/client/client.go:427.4,428.18 2 1
github.com/cs161-staff/project2-starter-code/client/client.go:428.18,430.5 1 0
github.com/cs161-staff/project2-starter-code/client/client.go:431.4,439.18 6 1
github.com/cs161-staff/project2-starter-code/client/client.go:439.18,441.5 1 0
github.com/cs161-staff/project2-starter-code/client/client.go:442.4,443.18 2 1
github.com/cs161-staff/project2-starter-code/client/client.go:443.18,445.5 1 0
github.com/cs161-staff/project2-starter-code/client/client.go:446.4,447.18 2 1
github.com/cs161-staff/project2-starter-code/client/client.go:447.18,449.5 1 0
github.com/cs161-staff/project2-starter-code/client/client.go:450.4,451.18 2 1
github.com/cs161-staff/project2-starter-code/client/client.go:451.18,453.5 1 0
github.com/cs161-staff/project2-starter-code/client/client.go:454.4,458.18 4 1
github.com/cs161-staff/project2-starter-code/client/client.go:458.18,460.5 1 0
github.com/cs161-staff/project2-starter-code/client/client.go:461.4,462.11 2 1
github.com/cs161-staff/project2-starter-code/client/client.go:462.11,464.5 1 0
github.com/cs161-staff/project2-starter-code/client/client.go:465.4,466.18 2 1
github.com/cs161-staff/project2-starter-code/client/client.go:466.18,468.5 1 0
github.com/cs161-staff/project2-starter-code/client/client.go:469.4,471.14 2 1
github.com/cs161-staff/project2-starter-code/client/client.go:484.3,485.17 2 0
github.com/cs161-staff/project2-starter-code/client/client.go:485.17,487.4 1 0
github.com/cs161-staff/project2-starter-code/client/client.go:488.3,489.10 2 0
github.com/cs161-staff/project2-starter-code/client/client.go:489.10,491.4 1 0
github.com/cs161-staff/project2-starter-code/client/client.go:493.3,494.17 2 0
github.com/cs161-staff/project2-starter-code/client/client.go:494.17,496.4 1 0
github.com/cs161-staff/project2-starter-code/client/client.go:497.3,499.17 3 0
github.com/cs161-staff/project2-starter-code/client/client.go:499.17,501.4 1 0
github.com/cs161-staff/project2-starter-code/client/client.go:502.3,504.17 3 0
github.com/cs161-staff/project2-starter-code/client/client.go:504.17,506.4 1 0
github.com/cs161-staff/project2-starter-code/client/client.go:507.3,508.17 2 0
github.com/cs161-staff/project2-starter-code/client/client.go:508.17,510.4 1 0
github.com/cs161-staff/project2-starter-code/client/client.go:511.3,512.17 2 0
github.com/cs161-staff/project2-starter-code/client/client.go:512.17,514.4 1 0
github.com/cs161-staff/project2-starter-code/client/client.go:516.3,518.17 3 0
github.com/cs161-staff/project2-starter-code/client/client.go:518.17,520.4 1 0
github.com/cs161-staff/project2-starter-code/client/client.go:521.3,522.17 2 0
github.com/cs161-staff/project2-starter-code/client/client.go:522.17,524.4 1 0
github.com/cs161-staff/project2-starter-code/client/client.go:525.3,526.17 2 0
github.com/cs161-staff/project2-starter-code/client/client.go:526.17,528.4 1 0
github.com/cs161-staff/project2-starter-code/client/client.go:529.3,530.10 2 0
github.com/cs161-staff/project2-starter-code/client/client.go:530.10,532.4 1 0
github.com/cs161-staff/project2-starter-code/client/client.go:534.3,535.17 2 0
github.com/cs161-staff/project2-starter-code/client/client.go:535.17,537.4 1 0
github.com/cs161-staff/project2-starter-code/client/client.go:538.3,539.17 2 0
github.com/cs161-staff/project2-starter-code/client/client.go:539.17,541.4 1 0
github.com/cs161-staff/project2-starter-code/client/client.go:542.3,543.10 2 0
github.com/cs161-staff/project2-starter-code/client/client.go:543.10,545.4 1 0
github.com/cs161-staff/project2-starter-code/client/client.go:548.3,549.10 2 0
github.com/cs161-staff/project2-starter-code/client/client.go:549.10,551.4 1 0
github.com/cs161-staff/project2-starter-code/client/client.go:552.3,553.17 2 0
github.com/cs161-staff/project2-starter-code/client/client.go:553.17,555.4 1 0
github.com/cs161-staff/project2-starter-code/client/client.go:556.3,556.45 1 0
github.com/cs161-staff/project2-starter-code/client/client.go:556.45,558.4 1 0
github.com/cs161-staff/project2-starter-code/client/client.go:559.3,560.10 2 0
github.com/cs161-staff/project2-starter-code/client/client.go:560.10,562.4 1 0
github.com/cs161-staff/project2-starter-code/client/client.go:563.3,564.17 2 0
github.com/cs161-staff/project2-starter-code/client/client.go:564.17,566.4 1 0
github.com/cs161-staff/project2-starter-code/client/client.go:567.3,567.49 1 0
github.com/cs161-staff/project2-starter-code/client/client.go:567.49,569.4 1 0
github.com/cs161-staff/project2-starter-code/client/client.go:572.3,575.17 4 0
github.com/cs161-staff/project2-starter-code/client/client.go:575.17,577.4 1 0
github.com/cs161-staff/project2-starter-code/client/client.go:580.3,581.17 2 0
github.com/cs161-staff/project2-starter-code/client/client.go:581.17,583.4 1 0
github.com/cs161-staff/project2-starter-code/client/client.go:584.3,585.17 2 0
github.com/cs161-staff/project2-starter-code/client/client.go:585.17,587.4 1 0
github.com/cs161-staff/project2-starter-code/client/client.go:588.3,589.17 2 0
github.com/cs161-staff/project2-starter-code/client/client.go:589.17,591.4 1 0
github.com/cs161-staff/project2-starter-code/client/client.go:592.3,593.17 2 0
github.com/cs161-staff/project2-starter-code/client/client.go:593.17,595.4 1 0
github.com/cs161-staff/project2-starter-code/client/client.go:596.3,597.10 2 0
github.com/cs161-staff/project2-starter-code/client/client.go:597.10,599.4 1 0
github.com/cs161-staff/project2-starter-code/client/client.go:601.3,602.10 2 0
github.com/cs161-staff/project2-starter-code/client/client.go:602.10,604.4 1 0
github.com/cs161-staff/project2-starter-code/client/client.go:605.3,606.17 2 0
github.com/cs161-staff/project2-starter-code/client/client.go:606.17,608.4 1 0
github.com/cs161-staff/project2-starter-code/client/client.go:609.3,609.50 1 0
github.com/cs161-staff/project2-starter-code/client/client.go:609.50,611.4 1 0
github.com/cs161-staff/project2-starter-code/client/client.go:612.3,615.17 4 0
github.com/cs161-staff/project2-starter-code/client/client.go:615.17,617.4 1 0
github.com/cs161-staff/project2-starter-code/client/client.go:619.3,620.10 2 0
github.com/cs161-staff/project2-starter-code/client/client.go:620.10,622.4 1 0
github.com/cs161-staff/project2-starter-code/client/client.go:623.3,623.26 1 0
github.com/cs161-staff/project2-starter-code/client/client.go:623.26,625.4 1 0
github.com/cs161-staff/project2-starter-code/client/client.go:626.3,626.38 1 0
github.com/cs161-staff/project2-starter-code/client/client.go:626.38,628.4 1 0
github.com/cs161-staff/project2-starter-code/client/client.go:630.3,632.17 3 0
github.com/cs161-staff/project2-starter-code/client/client.go:632.17,634.4 1 0
github.com/cs161-staff/project2-starter-code/client/client.go:636.3,637.17 2 0
github.com/cs161-staff/project2-starter-code/client/client.go:637.17,639.4 1 0
github.com/cs161-staff/project2-starter-code/client/client.go:640.3,643.17 3 0
github.com/cs161-staff/project2-starter-code/client/client.go:643.17,645.4 1 0
github.com/cs161-staff/project2-starter-code/client/client.go:646.3,647.17 2 0
github.com/cs161-staff/project2-starter-code/client/client.go:647.17,649.4 1 0
github.com/cs161-staff/project2-starter-code/client/client.go:650.3,655.13 4 0
github.com/cs161-staff/project2-starter-code/client/client.go:666.2,668.16 3 1
github.com/cs161-staff/project2-starter-code/client/client.go:668.16,670.3 1 0
github.com/cs161-staff/project2-starter-code/client/client.go:671.2,672.16 2 1
github.com/cs161-staff/project2-starter-code/client/client.go:672.16,674.3 1 0
github.com/cs161-staff/project2-starter-code/client/client.go:675.2,677.16 3 1
github.com/cs161-staff/project2-starter-code/client/client.go:677.16,679.3 1 0
github.com/cs161-staff/project2-starter-code/client/client.go:680.2,681.16 2 1
github.com/cs161-staff/project2-starter-code/client/client.go:681.16,683.3 1 0
github.com/cs161-staff/project2-starter-code/client/client.go:684.2,685.16 2 1
github.com/cs161-staff/project2-starter-code/client/client.go:685.16,687.3 1 0
github.com/cs161-staff/project2-starter-code/client/client.go:689.2,691.16 3 1
github.com/cs161-staff/project2-starter-code/client/client.go:691.16,693.3 1 0
github.com/cs161-staff/project2-starter-code/client/client.go:694.2,695.16 2 1
github.com/cs161-staff/project2-starter-code/client/client.go:695.16,697.3 1 0
github.com/cs161-staff/project2-starter-code/client/client.go:698.2,699.16 2 1
github.com/cs161-staff/project2-starter-code/client/client.go:699.16,701.3 1 0
github.com/cs161-staff/project2-starter-code/client/client.go:702.2,703.9 2 1
github.com/cs161-staff/project2-starter-code/client/client.go:703.9,705.3 1 0
github.com/cs161-staff/project2-starter-code/client/client.go:707.2,708.16 2 1
github.com/cs161-staff/project2-starter-code/client/client.go:708.16,710.3 1 0
github.com/cs161-staff/project2-starter-code/client/client.go:711.2,712.16 2 1
github.com/cs161-staff/project2-starter-code/client/client.go:712.16,714.3 1 0
github.com/cs161-staff/project2-starter-code/client/client.go:715.2,716.9 2 1
github.com/cs161-staff/project2-starter-code/client/client.go:716.9,718.3 1 0
github.com/cs161-staff/project2-starter-code/client/client.go:720.2,721.9 2 1
github.com/cs161-staff/project2-starter-code/client/client.go:721.9,723.3 1 0
github.com/cs161-staff/project2-starter-code/client/client.go:724.2,725.16 2 1
github.com/cs161-staff/project2-starter-code/client/client.go:725.16,727.3 1 0
github.com/cs161-staff/project2-starter-code/client/client.go:728.2,729.12 2 1
github.com/cs161-staff/project2-starter-code/client/client.go:729.12,731.3 1 0
github.com/cs161-staff/project2-starter-code/client/client.go:732.2,733.9 2 1
github.com/cs161-staff/project2-starter-code/client/client.go:733.9,735.3 1 0
github.com/cs161-staff/project2-starter-code/client/client.go:736.2,737.16 2 1
github.com/cs161-staff/project2-starter-code/client/client.go:737.16,739.3 1 0
github.com/cs161-staff/project2-starter-code/client/client.go:740.2,741.12 2 1
github.com/cs161-staff/project2-starter-code/client/client.go:741.12,743.3 1 0
github.com/cs161-staff/project2-starter-code/client/client.go:746.2,747.16 2 1
github.com/cs161-staff/project2-starter-code/client/client.go:747.16,749.3 1 0
github.com/cs161-staff/project2-starter-code/client/client.go:750.2,751.16 2 1
github.com/cs161-staff/project2-starter-code/client/client.go:751.16,753.3 1 0
github.com/cs161-staff/project2-starter-code/client/client.go:754.2,760.16 5 1
github.com/cs161-staff/project2-starter-code/client/client.go:760.16,762.3 1 0
github.com/cs161-staff/project2-starter-code/client/client.go:764.2,764.41 1 1
github.com/cs161-staff/project2-starter-code/client/client.go:764.41,766.3 1 0
github.com/cs161-staff/project2-starter-code/client/client.go:767.2,767.31 1 1
github.com/cs161-staff/project2-starter-code/client/client.go:767.31,769.3 1 0
github.com/cs161-staff/project2-starter-code/client/client.go:771.2,773.16 3 1
github.com/cs161-staff/project2-starter-code/client/client.go:773.16,775.3 1 0
github.com/cs161-staff/project2-starter-code/client/client.go:777.2,778.16 2 1
github.com/cs161-staff/project2-starter-code/client/client.go:778.16,780.3 1 0
github.com/cs161-staff/project2-starter-code/client/client.go:781.2,787.16 5 1
github.com/cs161-staff/project2-starter-code/client/client.go:787.16,789.3 1 0
github.com/cs161-staff/project2-starter-code/client/client.go:790.2,791.16 2 1
github.com/cs161-staff/project2-starter-code/client/client.go:791.16,793.3 1 0
github.com/cs161-staff/project2-starter-code/client/client.go:794.2,795.16 2 1
github.com/cs161-staff/project2-starter-code/client/client.go:795.16,797.3 1 0
github.com/cs161-staff/project2-starter-code/client/client.go:798.2,799.16 2 1
github.com/cs161-staff/project2-starter-code/client/client.go:799.16,801.3 1 0
github.com/cs161-staff/project2-starter-code/client/client.go:802.2,803.9 2 1
github.com/cs161-staff/project2-starter-code/client/client.go:803.9,805.3 1 0
github.com/cs161-staff/project2-starter-code/client/client.go:808.2,809.9 2 1
github.com/cs161-staff/project2-starter-code/client/client.go:809.9,811.3 1 0
github.com/cs161-staff/project2-starter-code/client/client.go:812.2,813.16 2 1
github.com/cs161-staff/project2-starter-code/client/client.go:813.16,815.3 1 0
github.com/cs161-staff/project2-starter-code/client/client.go:816.2,816.49 1 1
github.com/cs161-staff/project2-starter-code/client/client.go:816.49,818.3 1 0
github.com/cs161-staff/project2-starter-code/client/client.go:819.2,822.16 4 1
github.com/cs161-staff/project2-starter-code/client/client.go:822.16,824.3 1 0
github.com/cs161-staff/project2-starter-code/client/client.go:826.2,826.12 1 1
github.com/cs161-staff/project2-starter-code/client/client.go:829.75,831.16 2 1
github.com/cs161-staff/project2-starter-code/client/client.go:831.16,833.3 1 0
github.com/cs161-staff/project2-starter-code/client/client.go:834.2,835.9 2 1
github.com/cs161-staff/project2-starter-code/client/client.go:835.9,837.17 2 1
github.com/cs161-staff/project2-starter-code/client/client.go:837.17,839.4 1 0
github.com/cs161-staff/project2-starter-code/client/client.go:840.3,841.10 2 1
github.com/cs161-staff/project2-starter-code/client/client.go:841.10,843.4 1 1
github.com/cs161-staff/project2-starter-code/client/client.go:844.3,845.17 2 1
github.com/cs161-staff/project2-starter-code/client/client.go:845.17,847.4 1 0
github.com/cs161-staff/project2-starter-code/client/client.go:848.3,849.10 2 1
github.com/cs161-staff/project2-starter-code/client/client.go:849.10,851.4 1 0
github.com/cs161-staff/project2-starter-code/client/client.go:855.2,857.16 3 1
github.com/cs161-staff/project2-starter-code/client/client.go:857.16,859.3 1 0
github.com/cs161-staff/project2-starter-code/client/client.go:860.2,861.16 2 1
github.com/cs161-staff/project2-starter-code/client/client.go:861.16,863.3 1 0
github.com/cs161-staff/project2-starter-code/client/client.go:864.2,866.16 3 1
github.com/cs161-staff/project2-starter-code/client/client.go:866.16,868.3 1 0
github.com/cs161-staff/project2-starter-code/client/client.go:869.2,870.16 2 1
github.com/cs161-staff/project2-starter-code/client/client.go:870.16,872.3 1 0
github.com/cs161-staff/project2-starter-code/client/client.go:874.2,876.16 3 1
github.com/cs161-staff/project2-starter-code/client/client.go:876.16,878.3 1 0
github.com/cs161-staff/project2-starter-code/client/client.go:883.2,884.16 2 1
github.com/cs161-staff/project2-starter-code/client/client.go:884.16,886.3 1 0
github.com/cs161-staff/project2-starter-code/client/client.go:887.2,888.16 2 1
github.com/cs161-staff/project2-starter-code/client/client.go:888.16,890.3 1 0
github.com/cs161-staff/project2-starter-code/client/client.go:891.2,892.9 2 1
github.com/cs161-staff/project2-starter-code/client/client.go:892.9,894.3 1 0
github.com/cs161-staff/project2-starter-code/client/client.go:897.2,898.9 2 1
github.com/cs161-staff/project2-starter-code/client/client.go:898.9,900.3 1 0
github.com/cs161-staff/project2-starter-code/client/client.go:901.2,902.16 2 1
github.com/cs161-staff/project2-starter-code/client/client.go:902.16,904.3 1 0
github.com/cs161-staff/project2-starter-code/client/client.go:905.2,905.48 1 1
github.com/cs161-staff/project2-starter-code/client/client.go:905.48,907.3 1 0
github.com/cs161-staff/project2-starter-code/client/client.go:909.2,912.16 4 1
github.com/cs161-staff/project2-starter-code/client/client.go:912.16,914.3 1 0
github.com/cs161-staff/project2-starter-code/client/client.go:915.2,917.16 3 1
github.com/cs161-staff/project2-starter-code/client/client.go:917.16,919.3 1 0
github.com/cs161-staff/project2-starter-code/client/client.go:920.2,921.16 2 1
github.com/cs161-staff/project2-starter-code/client/client.go:921.16,923.3 1 0
github.com/cs161-staff/project2-starter-code/client/client.go:925.2,930.16 4 1
github.com/cs161-staff/project2-starter-code/client/client.go:930.16,932.3 1 0
github.com/cs161-staff/project2-starter-code/client/client.go:933.2,934.16 2 1
github.com/cs161-staff/project2-starter-code/client/client.go:934.16,936.3 1 0
github.com/cs161-staff/project2-starter-code/client/client.go:937.2,938.16 2 1
github.com/cs161-staff/project2-starter-code/client/client.go:938.16,940.3 1 0
github.com/cs161-staff/project2-starter-code/client/client.go:941.2,942.16 2 1
github.com/cs161-staff/project2-starter-code/client/client.go:942.16,944.3 1 0
github.com/cs161-staff/project2-starter-code/client/client.go:945.2,946.9 2 1
github.com/cs161-staff/project2-starter-code/client/client.go:946.9,948.3 1 0
github.com/cs161-staff/project2-starter-code/client/client.go:950.2,951.9 2 1
github.com/cs161-staff/project2-starter-code/client/client.go:951.9,953.3 1 0
github.com/cs161-staff/project2-starter-code/client/client.go:954.2,955.16 2 1
github.com/cs161-staff/project2-starter-code/client/client.go:955.16,957.3 1 0
github.com/cs161-staff/project2-starter-code/client/client.go:958.2,958.49 1 1
github.com/cs161-staff/project2-starter-code/client/client.go:958.49,960.3 1 0
github.com/cs161-staff/project2-starter-code/client/client.go:961.2,964.16 4 1
github.com/cs161-staff/project2-starter-code/client/client.go:964.16,966.3 1 0
github.com/cs161-staff/project2-starter-code/client/client.go:969.2,970.16 2 1
github.com/cs161-staff/project2-starter-code/client/client.go:970.16,972.3 1 0
github.com/cs161-staff/project2-starter-code/client/client.go:973.2,974.16 2 1
github.com/cs161-staff/project2-starter-code/client/client.go:974.16,976.3 1 0
github.com/cs161-staff/project2-starter-code/client/client.go:977.2,978.16 2 1
github.com/cs161-staff/project2-starter-code/client/client.go:978.16,980.3 1 0
github.com/cs161-staff/project2-starter-code/client/client.go:981.2,984.16 3 1
github.com/cs161-staff/project2-starter-code/client/client.go:984.16,986.3 1 0
github.com/cs161-staff/project2-starter-code/client/client.go:987.2,988.16 2 1
github.com/cs161-staff/project2-starter-code/client/client.go:988.16,990.3 1 0
github.com/cs161-staff/project2-starter-code/client/client.go:991.2,993.12 2 1
github.com/cs161-staff/project2-starter-code/client/client.go:996.77,998.16 2 1
github.com/cs161-staff/project2-starter-code/client/client.go:998.16,1000.3 1 0
github.com/cs161-staff/project2-starter-code/client/client.go:1001.2,1002.9 2 1
github.com/cs161-staff/project2-starter-code/client/client.go:1002.9,1004.17 2 1
github.com/cs161-staff/project2-starter-code/client/client.go:1004.17,1006.4 1 0
github.com/cs161-staff/project2-starter-code/client/client.go:1007.3,1008.10 2 1
github.com/cs161-staff/project2-starter-code/client/client.go:1008.10,1010.4 1 1
github.com/cs161-staff/project2-starter-code/client/client.go:1011.3,1014.17 2 1
github.com/cs161-staff/project2-starter-code/client/client.go:1014.17,1016.4 1 0
github.com/cs161-staff/project2-starter-code/client/client.go:1017.3,1018.10 2 1
github.com/cs161-staff/project2-starter-code/client/client.go:1018.10,1020.4 1 0
github.com/cs161-staff/project2-starter-code/client/client.go:1024.2,1026.16 3 1
github.com/cs161-staff/project2-starter-code/client/client.go:1026.16,1028.3 1 0
github.com/cs161-staff/project2-starter-code/client/client.go:1029.2,1030.16 2 1
github.com/cs161-staff/project2-starter-code/client/client.go:1030.16,1032.3 1 0
github.com/cs161-staff/project2-starter-code/client/client.go:1033.2,1035.16 3 1
github.com/cs161-staff/project2-starter-code/client/client.go:1035.16,1037.3 1 0
github.com/cs161-staff/project2-starter-code/client/client.go:1039.2,1040.16 2 1
github.com/cs161-staff/project2-starter-code/client/client.go:1040.16,1042.3 1 0
github.com/cs161-staff/project2-starter-code/client/client.go:1043.2,1044.16 2 1
github.com/cs161-staff/project2-starter-code/client/client.go:1044.16,1046.3 1 0
github.com/cs161-staff/project2-starter-code/client/client.go:1049.2,1051.16 3 1
github.com/cs161-staff/project2-starter-code/client/client.go:1051.16,1053.3 1 0
github.com/cs161-staff/project2-starter-code/client/client.go:1054.2,1055.16 2 1
github.com/cs161-staff/project2-starter-code/client/client.go:1055.16,1057.3 1 0
github.com/cs161-staff/project2-starter-code/client/client.go:1058.2,1059.16 2 1
github.com/cs161-staff/project2-starter-code/client/client.go:1059.16,1061.3 1 0
github.com/cs161-staff/project2-starter-code/client/client.go:1062.2,1063.9 2 1
github.com/cs161-staff/project2-starter-code/client/client.go:1063.9,1065.3 1 0
github.com/cs161-staff/project2-starter-code/client/client.go:1067.2,1068.16 2 1
github.com/cs161-staff/project2-starter-code/client/client.go:1068.16,1070.3 1 0
github.com/cs161-staff/project2-starter-code/client/client.go:1071.2,1072.16 2 1
github.com/cs161-staff/project2-starter-code/client/client.go:1072.16,1074.3 1 0
github.com/cs161-staff/project2-starter-code/client/client.go:1076.2,1077.9 2 1
github.com/cs161-staff/project2-starter-code/client/client.go:1077.9,1079.3 1 0
github.com/cs161-staff/project2-starter-code/client/client.go:1084.2,1085.9 2 1
github.com/cs161-staff/project2-starter-code/client/client.go:1085.9,1087.3 1 0
github.com/cs161-staff/project2-starter-code/client/client.go:1088.2,1089.16 2 1
github.com/cs161-staff/project2-starter-code/client/client.go:1089.16,1091.3 1 0
github.com/cs161-staff/project2-starter-code/client/client.go:1092.2,1092.48 1 1
github.com/cs161-staff/project2-starter-code/client/client.go:1092.48,1094.3 1 0
github.com/cs161-staff/project2-starter-code/client/client.go:1096.2,1099.16 4 1
github.com/cs161-staff/project2-starter-code/client/client.go:1099.16,1101.3 1 0
github.com/cs161-staff/project2-starter-code/client/client.go:1103.2,1104.9 2 1
github.com/cs161-staff/project2-starter-code/client/client.go:1104.9,1106.3 1 0
github.com/cs161-staff/project2-starter-code/client/client.go:1108.2,1109.16 2 1
github.com/cs161-staff/project2-starter-code/client/client.go:1109.16,1111.3 1 0
github.com/cs161-staff/project2-starter-code/client/client.go:1112.2,1112.44 1 1
github.com/cs161-staff/project2-starter-code/client/client.go:1112.44,1114.3 1 0
github.com/cs161-staff/project2-starter-code/client/client.go:1115.2,1122.31 7 1
github.com/cs161-staff/project2-starter-code/client/client.go:1122.31,1125.17 2 1
github.com/cs161-staff/project2-starter-code/client/client.go:1125.17,1127.4 1 0
github.com/cs161-staff/project2-starter-code/client/client.go:1128.3,1129.17 2 1
github.com/cs161-staff/project2-starter-code/client/client.go:1129.17,1131.4 1 0
github.com/cs161-staff/project2-starter-code/client/client.go:1132.3,1133.17 2 1
github.com/cs161-staff/project2-starter-code/client/client.go:1133.17,1135.4 1 0
github.com/cs161-staff/project2-starter-code/client/client.go:1136.3,1137.10 2 1
github.com/cs161-staff/project2-starter-code/client/client.go:1137.10,1139.4 1 0
github.com/cs161-staff/project2-starter-code/client/client.go:1142.3,1143.17 2 1
github.com/cs161-staff/project2-starter-code/client/client.go:1143.17,1145.4 1 0
github.com/cs161-staff/project2-starter-code/client/client.go:1146.3,1147.17 2 1
github.com/cs161-staff/project2-starter-code/client/client.go:1147.17,1149.4 1 0
github.com/cs161-staff/project2-starter-code/client/client.go:1150.3,1151.10 2 1
github.com/cs161-staff/project2-starter-code/client/client.go:1151.10,1153.4 1 0
github.com/cs161-staff/project2-starter-code/client/client.go:1155.3,1157.17 2 1
github.com/cs161-staff/project2-starter-code/client/client.go:1157.17,1159.4 1 0
github.com/cs161-staff/project2-starter-code/client/client.go:1160.3,1160.45 1 1
github.com/cs161-staff/project2-starter-code/client/client.go:1160.45,1162.4 1 0
github.com/cs161-staff/project2-starter-code/client/client.go:1165.3,1166.33 2 1
github.com/cs161-staff/project2-starter-code/client/client.go:1168.2,1168.17 1 1
github.com/cs161-staff/project2-starter-code/client/client.go:1171.120,1173.16 2 1
github.com/cs161-staff/project2-starter-code/client/client.go:1173.16,1175.3 1 0
github.com/cs161-staff/project2-starter-code/client/client.go:1176.2,1177.9 2 1
github.com/cs161-staff/project2-starter-code/client/client.go:1177.9,1179.17 2 1
github.com/cs161-staff/project2-starter-code/client/client.go:1179.17,1181.4 1 0
github.com/cs161-staff/project2-starter-code/client/client.go:1182.3,1183.10 2 1
github.com/cs161-staff/project2-starter-code/client/client.go:1183.10,1185.4 1 0
github.com/cs161-staff/project2-starter-code/client/client.go:1186.3,1187.17 2 1
github.com/cs161-staff/project2-starter-code/client/client.go:1187.17,1189.4 1 0
github.com/cs161-staff/project2-starter-code/client/client.go:1191.3,1192.10 2 1
github.com/cs161-staff/project2-starter-code/client/client.go:1192.10,1194.4 1 0
github.com/cs161-staff/project2-starter-code/client/client.go:1197.2,1199.16 3 1
github.com/cs161-staff/project2-starter-code/client/client.go:1199.16,1201.3 1 0
github.com/cs161-staff/project2-starter-code/client/client.go:1203.2,1204.16 2 1
github.com/cs161-staff/project2-starter-code/client/client.go:1204.16,1206.3 1 0
github.com/cs161-staff/project2-starter-code/client/client.go:1207.2,1215.16 4 1
github.com/cs161-staff/project2-starter-code/client/client.go:1215.16,1217.3 1 0
github.com/cs161-staff/project2-starter-code/client/client.go:1221.2,1222.16 2 1
github.com/cs161-staff/project2-starter-code/client/client.go:1222.16,1224.3 1 0
github.com/cs161-staff/project2-starter-code/client/client.go:1225.2,1226.9 2 1
github.com/cs161-staff/project2-starter-code/client/client.go:1226.9,1228.3 1 1
github.com/cs161-staff/project2-starter-code/client/client.go:1230.2,1231.9 2 1
github.com/cs161-staff/project2-starter-code/client/client.go:1231.9,1233.3 1 0
github.com/cs161-staff/project2-starter-code/client/client.go:1235.2,1236.16 2 1
github.com/cs161-staff/project2-starter-code/client/client.go:1236.16,1238.3 1 0
github.com/cs161-staff/project2-starter-code/client/client.go:1239.2,1240.16 2 1
github.com/cs161-staff/project2-starter-code/client/client.go:1240.16,1242.3 1 0
github.com/cs161-staff/project2-starter-code/client/client.go:1243.2,1244.16 2 1
github.com/cs161-staff/project2-starter-code/client/client.go:1244.16,1246.3 1 0
github.com/cs161-staff/project2-starter-code/client/client.go:1247.2,1248.16 2 1
github.com/cs161-staff/project2-starter-code/client/client.go:1248.16,1250.3 1 0
github.com/cs161-staff/project2-starter-code/client/client.go:1251.2,1252.9 2 1
github.com/cs161-staff/project2-starter-code/client/client.go:1252.9,1254.3 1 0
github.com/cs161-staff/project2-starter-code/client/client.go:1256.2,1257.9 2 1
github.com/cs161-staff/project2-starter-code/client/client.go:1257.9,1259.3 1 0
github.com/cs161-staff/project2-starter-code/client/client.go:1260.2,1261.16 2 1
github.com/cs161-staff/project2-starter-code/client/client.go:1261.16,1263.3 1 0
github.com/cs161-staff/project2-starter-code/client/client.go:1264.2,1264.49 1 1
github.com/cs161-staff/project2-starter-code/client/client.go:1264.49,1266.3 1 0
github.com/cs161-staff/project2-starter-code/client/client.go:1267.2,1270.16 4 1
github.com/cs161-staff/project2-starter-code/client/client.go:1270.16,1272.3 1 0
github.com/cs161-staff/project2-starter-code/client/client.go:1282.2,1284.16 3 1
github.com/cs161-staff/project2-starter-code/client/client.go:1284.16,1286.3 1 0
github.com/cs161-staff/project2-starter-code/client/client.go:1287.2,1291.16 4 1
github.com/cs161-staff/project2-starter-code/client/client.go:1291.16,1293.3 1 0
github.com/cs161-staff/project2-starter-code/client/client.go:1294.2,1295.16 2 1
github.com/cs161-staff/project2-starter-code/client/client.go:1295.16,1297.3 1 0
github.com/cs161-staff/project2-starter-code/client/client.go:1298.2,1302.16 4 1
github.com/cs161-staff/project2-starter-code/client/client.go:1302.16,1304.3 1 0
github.com/cs161-staff/project2-starter-code/client/client.go:1305.2,1309.16 3 1
github.com/cs161-staff/project2-starter-code/client/client.go:1309.16,1311.3 1 0
github.com/cs161-staff/project2-starter-code/client/client.go:1313.2,1314.16 2 1
github.com/cs161-staff/project2-starter-code/client/client.go:1314.16,1316.3 1 0
github.com/cs161-staff/project2-starter-code/client/client.go:1318.2,1320.16 3 1
github.com/cs161-staff/project2-starter-code/client/client.go:1320.16,1322.3 1 0
github.com/cs161-staff/project2-starter-code/client/client.go:1324.2,1325.16 2 1
github.com/cs161-staff/project2-starter-code/client/client.go:1325.16,1327.3 1 0
github.com/cs161-staff/project2-starter-code/client/client.go:1328.2,1329.16 2 1
github.com/cs161-staff/project2-starter-code/client/client.go:1329.16,1331.3 1 0
github.com/cs161-staff/project2-starter-code/client/client.go:1333.2,1336.25 3 1
github.com/cs161-staff/project2-starter-code/client/client.go:1339.111,1341.16 2 1
github.com/cs161-staff/project2-starter-code/client/client.go:1341.16,1343.3 1 0
github.com/cs161-staff/project2-starter-code/client/client.go:1344.2,1345.8 2 1
github.com/cs161-staff/project2-starter-code/client/client.go:1345.8,1347.3 1 1
github.com/cs161-staff/project2-starter-code/client/client.go:1347.8,1349.17 2 1
github.com/cs161-staff/project2-starter-code/client/client.go:1349.17,1351.4 1 0
github.com/cs161-staff/project2-starter-code/client/client.go:1352.3,1353.9 2 1
github.com/cs161-staff/project2-starter-code/client/client.go:1353.9,1355.4 1 1
github.com/cs161-staff/project2-starter-code/client/client.go:1357.2,1361.16 4 1
github.com/cs161-staff/project2-starter-code/client/client.go:1361.16,1363.3 1 0
github.com/cs161-staff/project2-starter-code/client/client.go:1365.2,1366.16 2 1
github.com/cs161-staff/project2-starter-code/client/client.go:1366.16,1368.3 1 0
github.com/cs161-staff/project2-starter-code/client/client.go:1370.2,1371.9 2 1
github.com/cs161-staff/project2-starter-code/client/client.go:1371.9,1373.3 1 1
github.com/cs161-staff/project2-starter-code/client/client.go:1375.2,1376.9 2 1
github.com/cs161-staff/project2-starter-code/client/client.go:1376.9,1378.3 1 0
github.com/cs161-staff/project2-starter-code/client/client.go:1380.2,1381.9 2 1
github.com/cs161-staff/project2-starter-code/client/client.go:1381.9,1383.3 1 0
github.com/cs161-staff/project2-starter-code/client/client.go:1385.2,1386.16 2 1
github.com/cs161-staff/project2-starter-code/client/client.go:1386.16,1388.3 1 1
github.com/cs161-staff/project2-starter-code/client/client.go:1390.2,1394.16 4 1
github.com/cs161-staff/project2-starter-code/client/client.go:1394.16,1396.3 1 0
github.com/cs161-staff/project2-starter-code/client/client.go:1397.2,1398.16 2 1
github.com/cs161-staff/project2-starter-code/client/client.go:1398.16,1400.3 1 0
github.com/cs161-staff/project2-starter-code/client/client.go:1402.2,1403.9 2 1
github.com/cs161-staff/project2-starter-code/client/client.go:1403.9,1405.3 1 1
github.com/cs161-staff/project2-starter-code/client/client.go:1408.2,1409.16 2 1
github.com/cs161-staff/project2-starter-code/client/client.go:1409.16,1411.3 1 0
github.com/cs161-staff/project2-starter-code/client/client.go:1412.2,1414.16 3 1
github.com/cs161-staff/project2-starter-code/client/client.go:1414.16,1416.3 1 0
github.com/cs161-staff/project2-starter-code/client/client.go:1417.2,1419.16 3 1
github.com/cs161-staff/project2-starter-code/client/client.go:1419.16,1421.3 1 0
github.com/cs161-staff/project2-starter-code/client/client.go:1422.2,1423.16 2 1
github.com/cs161-staff/project2-starter-code/client/client.go:1423.16,1425.3 1 0
github.com/cs161-staff/project2-starter-code/client/client.go:1426.2,1427.16 2 1
github.com/cs161-staff/project2-starter-code/client/client.go:1427.16,1429.3 1 0
github.com/cs161-staff/project2-starter-code/client/client.go:1431.2,1433.16 3 1
github.com/cs161-staff/project2-starter-code/client/client.go:1433.16,1435.3 1 0
github.com/cs161-staff/project2-starter-code/client/client.go:1436.2,1437.16 2 1
github.com/cs161-staff/project2-starter-code/client/client.go:1437.16,1439.3 1 0
github.com/cs161-staff/project2-starter-code/client/client.go:1440.2,1441.16 2 1
github.com/cs161-staff/project2-starter-code/client/client.go:1441.16,1443.3 1 0
github.com/cs161-staff/project2-starter-code/client/client.go:1444.2,1445.9 2 1
github.com/cs161-staff/project2-starter-code/client/client.go:1445.9,1447.3 1 0
github.com/cs161-staff/project2-starter-code/client/client.go:1449.2,1450.16 2 1
github.com/cs161-staff/project2-starter-code/client/client.go:1450.16,1452.3 1 0
github.com/cs161-staff/project2-starter-code/client/client.go:1453.2,1454.16 2 1
github.com/cs161-staff/project2-starter-code/client/client.go:1454.16,1456.3 1 0
github.com/cs161-staff/project2-starter-code/client/client.go:1457.2,1458.9 2 1
github.com/cs161-staff/project2-starter-code/client/client.go:1458.9,1460.3 1 0
github.com/cs161-staff/project2-starter-code/client/client.go:1462.2,1463.9 2 1
github.com/cs161-staff/project2-starter-code/client/client.go:1463.9,1465.3 1 0
github.com/cs161-staff/project2-starter-code/client/client.go:1466.2,1467.16 2 1
github.com/cs161-staff/project2-starter-code/client/client.go:1467.16,1469.3 1 0
github.com/cs161-staff/project2-starter-code/client/client.go:1470.2,1470.44 1 1
github.com/cs161-staff/project2-starter-code/client/client.go:1470.44,1472.3 1 0
github.com/cs161-staff/project2-starter-code/client/client.go:1474.2,1475.9 2 1
github.com/cs161-staff/project2-starter-code/client/client.go:1475.9,1477.3 1 0
github.com/cs161-staff/project2-starter-code/client/client.go:1478.2,1479.16 2 1
github.com/cs161-staff/project2-starter-code/client/client.go:1479.16,1481.3 1 0
github.com/cs161-staff/project2-starter-code/client/client.go:1482.2,1482.46 1 1
github.com/cs161-staff/project2-starter-code/client/client.go:1482.46,1484.3 1 0
github.com/cs161-staff/project2-starter-code/client/client.go:1486.2,1489.16 4 1
github.com/cs161-staff/project2-starter-code/client/client.go:1489.16,1491.3 1 0
github.com/cs161-staff/project2-starter-code/client/client.go:1493.2,1494.16 2 1
github.com/cs161-staff/project2-starter-code/client/client.go:1494.16,1496.3 1 0
github.com/cs161-staff/project2-starter-code/client/client.go:1497.2,1498.16 2 1
github.com/cs161-staff/project2-starter-code/client/client.go:1498.16,1500.3 1 0
github.com/cs161-staff/project2-starter-code/client/client.go:1501.2,1502.16 2 1
github.com/cs161-staff/project2-starter-code/client/client.go:1502.16,1504.3 1 0
github.com/cs161-staff/project2-starter-code/client/client.go:1505.2,1506.16 2 1
github.com/cs161-staff/project2-starter-code/client/client.go:1506.16,1508.3 1 0
github.com/cs161-staff/project2-starter-code/client/client.go:1509.2,1510.9 2 1
github.com/cs161-staff/project2-starter-code/client/client.go:1510.9,1512.3 1 0
github.com/cs161-staff/project2-starter-code/client/client.go:1514.2,1515.9 2 1
github.com/cs161-staff/project2-starter-code/client/client.go:1515.9,1517.3 1 0
github.com/cs161-staff/project2-starter-code/client/client.go:1518.2,1519.16 2 1
github.com/cs161-staff/project2-starter-code/client/client.go:1519.16,1521.3 1 0
github.com/cs161-staff/project2-starter-code/client/client.go:1522.2,1522.49 1 1
github.com/cs161-staff/project2-starter-code/client/client.go:1522.49,1524.3 1 0
github.com/cs161-staff/project2-starter-code/client/client.go:1525.2,1528.16 4 1
github.com/cs161-staff/project2-starter-code/client/client.go:1528.16,1530.3 1 0
github.com/cs161-staff/project2-starter-code/client/client.go:1532.2,1533.9 2 1
github.com/cs161-staff/project2-starter-code/client/client.go:1533.9,1535.3 1 0
github.com/cs161-staff/project2-starter-code/client/client.go:1537.2,1538.8 2 1
github.com/cs161-staff/project2-starter-code/client/client.go:1538.8,1540.3 1 0
github.com/cs161-staff/project2-starter-code/client/client.go:1542.2,1545.16 4 1
github.com/cs161-staff/project2-starter-code/client/client.go:1545.16,1547.3 1 0
github.com/cs161-staff/project2-starter-code/client/client.go:1548.2,1549.16 2 1
github.com/cs161-staff/project2-starter-code/client/client.go:1549.16,1551.3 1 0
github.com/cs161-staff/project2-starter-code/client/client.go:1552.2,1561.16 6 1
github.com/cs161-staff/project2-starter-code/client/client.go:1561.16,1563.3 1 0
github.com/cs161-staff/project2-starter-code/client/client.go:1565.2,1571.16 5 1
github.com/cs161-staff/project2-starter-code/client/client.go:1571.16,1573.3 1 0
github.com/cs161-staff/project2-starter-code/client/client.go:1575.2,1581.16 3 1
github.com/cs161-staff/project2-starter-code/client/client.go:1581.16,1583.3 1 0
github.com/cs161-staff/project2-starter-code/client/client.go:1584.2,1586.12 2 1
github.com/cs161-staff/project2-starter-code/client/client.go:1589.85,1594.16 2 1
github.com/cs161-staff/project2-starter-code/client/client.go:1594.16,1596.3 1 0
github.com/cs161-staff/project2-starter-code/client/client.go:1597.2,1598.9 2 1
github.com/cs161-staff/project2-starter-code/client/client.go:1598.9,1600.3 1 1
github.com/cs161-staff/project2-starter-code/client/client.go:1601.2,1602.16 2 1
github.com/cs161-staff/project2-starter-code/client/client.go:1602.16,1604.3 1 0
github.com/cs161-staff/project2-starter-code/client/client.go:1605.2,1607.16 3 1
github.com/cs161-staff/project2-starter-code/client/client.go:1607.16,1609.3 1 0
github.com/cs161-staff/project2-starter-code/client/client.go:1610.2,1612.16 3 1
github.com/cs161-staff/project2-starter-code/client/client.go:1612.16,1614.3 1 0
github.com/cs161-staff/project2-starter-code/client/client.go:1615.2,1616.16 2 1
github.com/cs161-staff/project2-starter-code/client/client.go:1616.16,1618.3 1 0
github.com/cs161-staff/project2-starter-code/client/client.go:1619.2,1620.16 2 1
github.com/cs161-staff/project2-starter-code/client/client.go:1620.16,1622.3 1 0
github.com/cs161-staff/project2-starter-code/client/client.go:1624.2,1626.16 3 1
github.com/cs161-staff/project2-starter-code/client/client.go:1626.16,1628.3 1 0
github.com/cs161-staff/project2-starter-code/client/client.go:1629.2,1630.16 2 1
github.com/cs161-staff/project2-starter-code/client/client.go:1630.16,1632.3 1 0
github.com/cs161-staff/project2-starter-code/client/client.go:1633.2,1634.16 2 1
github.com/cs161-staff/project2-starter-code/client/client.go:1634.16,1636.3 1 0
github.com/cs161-staff/project2-starter-code/client/client.go:1637.2,1638.9 2 1
github.com/cs161-staff/project2-starter-code/client/client.go:1638.9,1640.3 1 0
github.com/cs161-staff/project2-starter-code/client/client.go:1642.2,1643.16 2 1
github.com/cs161-staff/project2-starter-code/client/client.go:1643.16,1645.3 1 0
github.com/cs161-staff/project2-starter-code/client/client.go:1646.2,1647.16 2 1
github.com/cs161-staff/project2-starter-code/client/client.go:1647.16,1649.3 1 0
github.com/cs161-staff/project2-starter-code/client/client.go:1650.2,1651.9 2 1
github.com/cs161-staff/project2-starter-code/client/client.go:1651.9,1653.3 1 0
github.com/cs161-staff/project2-starter-code/client/client.go:1655.2,1656.9 2 1
github.com/cs161-staff/project2-starter-code/client/client.go:1656.9,1658.3 1 0
github.com/cs161-staff/project2-starter-code/client/client.go:1659.2,1660.16 2 1
github.com/cs161-staff/project2-starter-code/client/client.go:1660.16,1662.3 1 0
github.com/cs161-staff/project2-starter-code/client/client.go:1663.2,1663.44 1 1
github.com/cs161-staff/project2-starter-code/client/client.go:1663.44,1665.3 1 0
github.com/cs161-staff/project2-starter-code/client/client.go:1667.2,1668.9 2 1
github.com/cs161-staff/project2-starter-code/client/client.go:1668.9,1670.3 1 0
github.com/cs161-staff/project2-starter-code/client/client.go:1671.2,1672.16 2 1
github.com/cs161-staff/project2-starter-code/client/client.go:1672.16,1674.3 1 0
github.com/cs161-staff/project2-starter-code/client/client.go:1675.2,1675.48 1 1
github.com/cs161-staff/project2-starter-code/client/client.go:1675.48,1677.3 1 0
github.com/cs161-staff/project2-starter-code/client/client.go:1679.2,1683.16 5 1
github.com/cs161-staff/project2-starter-code/client/client.go:1683.16,1685.3 1 0
github.com/cs161-staff/project2-starter-code/client/client.go:1687.2,1687.41 1 1
github.com/cs161-staff/project2-starter-code/client/client.go:1687.41,1689.3 1 0
github.com/cs161-staff/project2-starter-code/client/client.go:1690.2,1690.31 1 1
github.com/cs161-staff/project2-starter-code/client/client.go:1690.31,1692.3 1 0
github.com/cs161-staff/project2-starter-code/client/client.go:1694.2,1695.16 2 1
github.com/cs161-staff/project2-starter-code/client/client.go:1695.16,1697.3 1 0
github.com/cs161-staff/project2-starter-code/client/client.go:1698.2,1699.16 2 1
github.com/cs161-staff/project2-starter-code/client/client.go:1699.16,1701.3 1 0
github.com/cs161-staff/project2-starter-code/client/client.go:1702.2,1703.16 2 1
github.com/cs161-staff/project2-starter-code/client/client.go:1703.16,1705.3 1 0
github.com/cs161-staff/project2-starter-code/client/client.go:1706.2,1707.16 2 1
github.com/cs161-staff/project2-starter-code/client/client.go:1707.16,1709.3 1 0
github.com/cs161-staff/project2-starter-code/client/client.go:1711.2,1714.9 3 1
github.com/cs161-staff/project2-starter-code/client/client.go:1714.9,1716.3 1 0
github.com/cs161-staff/project2-starter-code/client/client.go:1717.2,1718.9 2 1
github.com/cs161-staff/project2-starter-code/client/client.go:1718.9,1720.3 1 0
github.com/cs161-staff/project2-starter-code/client/client.go:1723.2,1723.16 1 1
github.com/cs161-staff/project2-starter-code/client/client.go:1723.16,1725.3 1 0
github.com/cs161-staff/project2-starter-code/client/client.go:1726.2,1727.16 2 1
github.com/cs161-staff/project2-starter-code/client/client.go:1727.16,1729.3 1 0
github.com/cs161-staff/project2-starter-code/client/client.go:1730.2,1730.49 1 1
github.com/cs161-staff/project2-starter-code/client/client.go:1730.49,1732.3 1 0
github.com/cs161-staff/project2-starter-code/client/client.go:1734.2,1736.16 3 1
github.com/cs161-staff/project2-starter-code/client/client.go:1736.16,1738.3 1 0
github.com/cs161-staff/project2-starter-code/client/client.go:1740.2,1741.9 2 1
github.com/cs161-staff/project2-starter-code/client/client.go:1741.9,1743.3 1 1
github.com/cs161-staff/project2-starter-code/client/client.go:1745.2,1745.19 1 1
github.com/cs161-staff/project2-starter-code/client/client.go:1745.19,1747.10 2 1
github.com/cs161-staff/project2-starter-code/client/client.go:1747.10,1749.4 1 0
github.com/cs161-staff/project2-starter-code/client/client.go:1750.3,1751.14 2 1
github.com/cs161-staff/project2-starter-code/client/client.go:1751.14,1753.4 1 1
github.com/cs161-staff/project2-starter-code/client/client.go:1754.3,1754.61 1 1
github.com/cs161-staff/project2-starter-code/client/client.go:1757.2,1759.20 2 1
github.com/cs161-staff/project2-starter-code/client/client.go:1759.20,1770.17 9 1
github.com/cs161-staff/project2-starter-code/client/client.go:1770.17,1772.4 1 0
github.com/cs161-staff/project2-starter-code/client/client.go:1773.3,1774.17 2 1
github.com/cs161-staff/project2-starter-code/client/client.go:1774.17,1776.4 1 0
github.com/cs161-staff/project2-starter-code/client/client.go:1777.3,1778.17 2 1
github.com/cs161-staff/project2-starter-code/client/client.go:1778.17,1780.4 1 0
github.com/cs161-staff/project2-starter-code/client/client.go:1781.3,1781.20 1 1
github.com/cs161-staff/project2-starter-code/client/client.go:1781.20,1783.11 2 1
github.com/cs161-staff/project2-starter-code/client/client.go:1783.11,1785.5 1 0
github.com/cs161-staff/project2-starter-code/client/client.go:1786.4,1786.45 1 1
github.com/cs161-staff/project2-starter-code/client/client.go:1786.45,1788.5 1 0
github.com/cs161-staff/project2-starter-code/client/client.go:1790.4,1790.41 1 1
github.com/cs161-staff/project2-starter-code/client/client.go:1792.3,1793.21 2 1
github.com/cs161-staff/project2-starter-code/client/client.go:1795.2,1796.16 2 1
github.com/cs161-staff/project2-starter-code/client/client.go:1796.16,1798.3 1 0
github.com/cs161-staff/project2-starter-code/client/client.go:1799.2,1800.16 2 1
github.com/cs161-staff/project2-starter-code/client/client.go:1800.16,1802.3 1 0
github.com/cs161-staff/project2-starter-code/client/client.go:1803.2,1805.16 3 1
github.com/cs161-staff/project2-starter-code/client/client.go:1805.16,1807.3 1 0
github.com/cs161-staff/project2-starter-code/client/client.go:1809.2,1812.16 3 1
github.com/cs161-staff/project2-starter-code/client/client.go:1812.16,1814.3 1 0
github.com/cs161-staff/project2-starter-code/client/client.go:1815.2,1816.16 2 1
github.com/cs161-staff/project2-starter-code/client/client.go:1816.16,1818.3 1 0
github.com/cs161-staff/project2-starter-code/client/client.go:1819.2,1826.16 6 1
github.com/cs161-staff/project2-starter-code/client/client.go:1826.16,1828.3 1 0
github.com/cs161-staff/project2-starter-code/client/client.go:1829.2,1835.16 4 1
github.com/cs161-staff/project2-starter-code/client/client.go:1835.16,1837.3 1 0
github.com/cs161-staff/project2-starter-code/client/client.go:1838.2,1839.9 2 1
github.com/cs161-staff/project2-starter-code/client/client.go:1839.9,1841.3 1 0
github.com/cs161-staff/project2-starter-code/client/client.go:1842.2,1843.16 2 1
github.com/cs161-staff/project2-starter-code/client/client.go:1843.16,1845.3 1 0
github.com/cs161-staff/project2-starter-code/client/client.go:1846.2,1849.32 2 1
github.com/cs161-staff/project2-starter-code/client/client.go:1849.32,1853.10 3 1
github.com/cs161-staff/project2-starter-code/client/client.go:1853.10,1855.4 1 0
github.com/cs161-staff/project2-starter-code/client/client.go:1856.3,1857.17 2 1
github.com/cs161-staff/project2-starter-code/client/client.go:1857.17,1859.4 1 0
github.com/cs161-staff/project2-starter-code/client/client.go:1860.3,1861.17 2 1
github.com/cs161-staff/project2-starter-code/client/client.go:1861.17,1863.4 1 0
github.com/cs161-staff/project2-starter-code/client/client.go:1864.3,1864.49 1 1
github.com/cs161-staff/project2-starter-code/client/client.go:1867.2,1869.16 3 1
github.com/cs161-staff/project2-starter-code/client/client.go:1869.16,1871.3 1 0
github.com/cs161-staff/project2-starter-code/client/client.go:1872.2,1874.31 2 1
github.com/cs161-staff/project2-starter-code/client/client.go:1874.31,1877.17 2 1
github.com/cs161-staff/project2-starter-code/client/client.go:1877.17,1879.4 1 0
github.com/cs161-staff/project2-starter-code/client/client.go:1880.3,1881.17 2 1
github.com/cs161-staff/project2-starter-code/client/client.go:1881.17,1883.4 1 0
github.com/cs161-staff/project2-starter-code/client/client.go:1884.3,1885.17 2 1
github.com/cs161-staff/project2-starter-code/client/client.go:1885.17,1887.4 1 0
github.com/cs161-staff/project2-starter-code/client/client.go:1888.3,1889.10 2 1
github.com/cs161-staff/project2-starter-code/client/client.go:1889.10,1891.4 1 0
github.com/cs161-staff/project2-starter-code/client/client.go:1893.3,1894.17 2 1
github.com/cs161-staff/project2-starter-code/client/client.go:1894.17,1896.4 1 0
github.com/cs161-staff/project2-starter-code/client/client.go:1897.3,1898.17 2 1
github.com/cs161-staff/project2-starter-code/client/client.go:1898.17,1900.4 1 0
github.com/cs161-staff/project2-starter-code/client/client.go:1901.3,1902.10 2 1
github.com/cs161-staff/project2-starter-code/client/client.go:1902.10,1904.4 1 0
github.com/cs161-staff/project2-starter-code/client/client.go:1906.3,1907.17 2 1
github.com/cs161-staff/project2-starter-code/client/client.go:1907.17,1909.4 1 0
github.com/cs161-staff/project2-starter-code/client/client.go:1910.3,1910.45 1 1
github.com/cs161-staff/project2-starter-code/client/client.go:1910.45,1912.4 1 0
github.com/cs161-staff/project2-starter-code/client/client.go:1914.3,1916.17 3 1
github.com/cs161-staff/project2-starter-code/client/client.go:1916.17,1918.4 1 0
github.com/cs161-staff/project2-starter-code/client/client.go:1919.3,1920.63 2 1
github.com/cs161-staff/project2-starter-code/client/client.go:1923.2,1923.12 1 1
github.com/cs161-staff/project2-starter-code/client/client_unittest.go:34.42,37.2 2 0
github.com/cs161-staff/project2-starter-code/client/client_unittest.go:39.46,41.20 1 1
github.com/cs161-staff/project2-starter-code/client/client_unittest.go:41.20,44.3 2 1
github.com/cs161-staff/project2-starter-code/client/client_unittest.go:46.2,46.32 1 1
github.com/cs161-staff/project2-starter-code/client/client_unittest.go:46.32,47.85 1 1
github.com/cs161-staff/project2-starter-code/client/client_unittest.go:47.85,58.4 4 1
